<?xml version="1.0" encoding="UTF-8"?>
<!-- Generated by org.testng.reporters.JUnitXMLReporter -->
<testsuite hostname="LAPTOP-KJJ88JC5" failures="0" tests="10" name="Default test" time="84.65" errors="0" timestamp="27 Sep 2021 12:41:36 GMT">
  <testcase classname="com.urbanladder.runner.runner" name="runScenario" time="17.322"/>
  <testcase classname="com.urbanladder.runner.runner" name="runScenario" time="1.354"/>
  <testcase classname="com.urbanladder.runner.runner" name="runScenario" time="10.073"/>
  <testcase classname="com.urbanladder.runner.runner" name="runScenario" time="8.769"/>
  <testcase classname="com.urbanladder.runner.runner" name="runScenario" time="8.686"/>
  <testcase classname="com.urbanladder.runner.runner" name="runScenario" time="8.915"/>
  <testcase classname="com.urbanladder.runner.runner" name="runScenario" time="8.405"/>
  <testcase classname="com.urbanladder.runner.runner" name="runScenario" time="9.72"/>
  <testcase classname="com.urbanladder.runner.runner" name="runScenario" time="9.693"/>
  <testcase classname="com.urbanladder.runner.runner" name="runScenario" time="1.472"/>
</testsuite> <!-- Default test -->
